<?xml version="1.0" encoding="UTF-8"?>
<!-- Generated by org.testng.reporters.JUnitXMLReporter -->
<testsuite ignored="0" hostname="DESKTOP-623D8HK" failures="0" tests="1" name="Test" time="47.574" errors="0" timestamp="2022-08-21T21:09:30 WIB">
  <testcase classname="example.NewTest" name="@BeforeTest beforeTest" time="47.501">
    <failure type="org.openqa.selenium.WebDriverException" message="Failed to connect to binary FirefoxBinary(C:\Program Files\Mozilla Firefox\firefox.exe) on port 7055; process output follows: 
6	addons.xpi	DEBUG	Calling bootstrap method startup on firefox@getpocket.com version 1.0
1661090925604	addons.xpi-utils	DEBUG	Starting async load of XPI database C:\Users\DHEALT~1\AppData\Local\Temp\anonymous889190335695986634webdriver-profile\extensions.json
1661090925604	addons.xpi	DEBUG	Registering manifest for C:\Program Files\Mozilla Firefox\browser\features\loop@mozilla.org.xpi
1661090925605	addons.xpi	DEBUG	Loading bootstrap scope from C:\Program Files\Mozilla Firefox\browser\features\loop@mozilla.org.xpi
1661090925610	addons.xpi	DEBUG	Calling bootstrap method startup on loop@mozilla.org version 1.2.6
1661090925627	addons.manager	DEBUG	Registering shutdown blocker for XPIProvider
1661090925627	addons.manager	DEBUG	Provider finished startup: XPIProvider
1661090925627	addons.manager	DEBUG	Starting provider: LightweightThemeManager
1661090925627	addons.manager	DEBUG	Registering shutdown blocker for LightweightThemeManager
1661090925627	addons.manager	DEBUG	Provider finished startup: LightweightThemeManager
1661090925627	addons.manager	DEBUG	Starting provider: GMPProvider
1661090925632	addons.manager	DEBUG	Registering shutdown blocker for GMPProvider
1661090925632	addons.manager	DEBUG	Provider finished startup: GMPProvider
1661090925632	addons.manager	DEBUG	Starting provider: PluginProvider
1661090925632	addons.manager	DEBUG	Registering shutdown blocker for PluginProvider
1661090925632	addons.manager	DEBUG	Provider finished startup: PluginProvider
1661090925633	addons.manager	DEBUG	Completed startup sequence
[GFX1]: Potential driver version mismatch ignored due to missing DLLs
1661090925889	addons.xpi-utils	DEBUG	Async JSON file read took 0 MS
1661090925889	addons.xpi-utils	DEBUG	Finished async read of XPI database, parsing...
1661090925890	addons.xpi-utils	DEBUG	Successfully read XPI database
1661090925899	addons.manager	DEBUG	Starting provider: &amp;lt;unnamed-provider&amp;gt;
1661090925899	addons.manager	DEBUG	Registering shutdown blocker for &amp;lt;unnamed-provider&amp;gt;
1661090925899	addons.manager	DEBUG	Provider finished startup: &amp;lt;unnamed-provider&amp;gt;
*** Blocklist::_loadBlocklistFromFile: blocklist is disabled
1661090925982	addons.manager	DEBUG	Starting provider: PreviousExperimentProvider
1661090925982	addons.manager	DEBUG	Registering shutdown blocker for PreviousExperimentProvider
1661090925982	addons.manager	DEBUG	Provider finished startup: PreviousExperimentProvider
JavaScript error: https://static-media-prod-cdn.itsre-sumo.mozilla.net/static/jsi18n/en-us/djangojs-min.js, line 1: SyntaxError: missing = in const declaration
JavaScript warning: https://static-media-prod-cdn.itsre-sumo.mozilla.net/static/474.767bb9829e871c1f.js, line 2: mutating the [[Prototype]] of an object will cause your code to run very slowly; instead create the object with the correct initial [[Prototype]] value using Object.create
JavaScript error: https://static-media-prod-cdn.itsre-sumo.mozilla.net/static/common.0a3beb1cf5e4d965.js, line 1: TypeError: t.forEach is not a function
JavaScript error: https://static-media-prod-cdn.itsre-sumo.mozilla.net/static/common.0a3beb1cf5e4d965.js, line 1: TypeError: o.forEach is not a function
JavaScript error: https://static-media-prod-cdn.itsre-sumo.mozilla.net/static/common.0a3beb1cf5e4d965.js, line 1: TypeError: n.forEach is not a function
JavaScript error: https://static-media-prod-cdn.itsre-sumo.mozilla.net/static/common.0a3beb1cf5e4d965.js, line 1: TypeError: e.forEach is not a function
JavaScript error: https://static-media-prod-cdn.itsre-sumo.mozilla.net/static/common.0a3beb1cf5e4d965.js, line 1: TypeError: document.querySelectorAll(...).forEach is not a function
JavaScript warning: https://www.youtube.com/s/player/009f1d77/www-embed-player.vflset/www-embed-player.js, line 29: mutating the [[Prototype]] of an object will cause your code to run very slowly; instead create the object with the correct initial [[Prototype]] value using Object.create
JavaScript error: https://static-media-prod-cdn.itsre-sumo.mozilla.net/static/697.8c0417e8bbc4b10c.js, line 1: TypeError: i is undefined

Build info: version: &amp;apos;2.45.0&amp;apos;, revision: &amp;apos;5017cb8e7ca8e37638dc3091b2440b90a1d8686f&amp;apos;, time: &amp;apos;2015-02-27 09:10:26&amp;apos;
System info: host: &amp;apos;DESKTOP-623D8HK&amp;apos;, ip: &amp;apos;10.128.3.223&amp;apos;, os.name: &amp;apos;Windows 10&amp;apos;, os.arch: &amp;apos;amd64&amp;apos;, os.version: &amp;apos;10.0&amp;apos;, java.version: &amp;apos;17.0.4.1&amp;apos;
Driver info: driver.version: FirefoxDriver">
      <![CDATA[org.openqa.selenium.WebDriverException: Failed to connect to binary FirefoxBinary(C:\Program Files\Mozilla Firefox\firefox.exe) on port 7055; process output follows: 
6addons.xpiDEBUGCalling bootstrap method startup on firefox@getpocket.com version 1.0
1661090925604addons.xpi-utilsDEBUGStarting async load of XPI database C:\Users\DHEALT~1\AppData\Local\Temp\anonymous889190335695986634webdriver-profile\extensions.json
1661090925604addons.xpiDEBUGRegistering manifest for C:\Program Files\Mozilla Firefox\browser\features\loop@mozilla.org.xpi
1661090925605addons.xpiDEBUGLoading bootstrap scope from C:\Program Files\Mozilla Firefox\browser\features\loop@mozilla.org.xpi
1661090925610addons.xpiDEBUGCalling bootstrap method startup on loop@mozilla.org version 1.2.6
1661090925627addons.managerDEBUGRegistering shutdown blocker for XPIProvider
1661090925627addons.managerDEBUGProvider finished startup: XPIProvider
1661090925627addons.managerDEBUGStarting provider: LightweightThemeManager
1661090925627addons.managerDEBUGRegistering shutdown blocker for LightweightThemeManager
1661090925627addons.managerDEBUGProvider finished startup: LightweightThemeManager
1661090925627addons.managerDEBUGStarting provider: GMPProvider
1661090925632addons.managerDEBUGRegistering shutdown blocker for GMPProvider
1661090925632addons.managerDEBUGProvider finished startup: GMPProvider
1661090925632addons.managerDEBUGStarting provider: PluginProvider
1661090925632addons.managerDEBUGRegistering shutdown blocker for PluginProvider
1661090925632addons.managerDEBUGProvider finished startup: PluginProvider
1661090925633addons.managerDEBUGCompleted startup sequence
[GFX1]: Potential driver version mismatch ignored due to missing DLLs
1661090925889addons.xpi-utilsDEBUGAsync JSON file read took 0 MS
1661090925889addons.xpi-utilsDEBUGFinished async read of XPI database, parsing...
1661090925890addons.xpi-utilsDEBUGSuccessfully read XPI database
1661090925899addons.managerDEBUGStarting provider: <unnamed-provider>
1661090925899addons.managerDEBUGRegistering shutdown blocker for <unnamed-provider>
1661090925899addons.managerDEBUGProvider finished startup: <unnamed-provider>
*** Blocklist::_loadBlocklistFromFile: blocklist is disabled
1661090925982addons.managerDEBUGStarting provider: PreviousExperimentProvider
1661090925982addons.managerDEBUGRegistering shutdown blocker for PreviousExperimentProvider
1661090925982addons.managerDEBUGProvider finished startup: PreviousExperimentProvider
JavaScript error: https://static-media-prod-cdn.itsre-sumo.mozilla.net/static/jsi18n/en-us/djangojs-min.js, line 1: SyntaxError: missing = in const declaration
JavaScript warning: https://static-media-prod-cdn.itsre-sumo.mozilla.net/static/474.767bb9829e871c1f.js, line 2: mutating the [[Prototype]] of an object will cause your code to run very slowly; instead create the object with the correct initial [[Prototype]] value using Object.create
JavaScript error: https://static-media-prod-cdn.itsre-sumo.mozilla.net/static/common.0a3beb1cf5e4d965.js, line 1: TypeError: t.forEach is not a function
JavaScript error: https://static-media-prod-cdn.itsre-sumo.mozilla.net/static/common.0a3beb1cf5e4d965.js, line 1: TypeError: o.forEach is not a function
JavaScript error: https://static-media-prod-cdn.itsre-sumo.mozilla.net/static/common.0a3beb1cf5e4d965.js, line 1: TypeError: n.forEach is not a function
JavaScript error: https://static-media-prod-cdn.itsre-sumo.mozilla.net/static/common.0a3beb1cf5e4d965.js, line 1: TypeError: e.forEach is not a function
JavaScript error: https://static-media-prod-cdn.itsre-sumo.mozilla.net/static/common.0a3beb1cf5e4d965.js, line 1: TypeError: document.querySelectorAll(...).forEach is not a function
JavaScript warning: https://www.youtube.com/s/player/009f1d77/www-embed-player.vflset/www-embed-player.js, line 29: mutating the [[Prototype]] of an object will cause your code to run very slowly; instead create the object with the correct initial [[Prototype]] value using Object.create
JavaScript error: https://static-media-prod-cdn.itsre-sumo.mozilla.net/static/697.8c0417e8bbc4b10c.js, line 1: TypeError: i is undefined

Build info: version: '2.45.0', revision: '5017cb8e7ca8e37638dc3091b2440b90a1d8686f', time: '2015-02-27 09:10:26'
System info: host: 'DESKTOP-623D8HK', ip: '10.128.3.223', os.name: 'Windows 10', os.arch: 'amd64', os.version: '10.0', java.version: '17.0.4.1'
Driver info: driver.version: FirefoxDriver
at org.openqa.selenium.firefox.internal.NewProfileExtensionConnection.start(NewProfileExtensionConnection.java:130)
at org.openqa.selenium.firefox.FirefoxDriver.startClient(FirefoxDriver.java:246)
at org.openqa.selenium.remote.RemoteWebDriver.<init>(RemoteWebDriver.java:114)
at org.openqa.selenium.firefox.FirefoxDriver.<init>(FirefoxDriver.java:191)
at org.openqa.selenium.firefox.FirefoxDriver.<init>(FirefoxDriver.java:186)
at org.openqa.selenium.firefox.FirefoxDriver.<init>(FirefoxDriver.java:182)
at org.openqa.selenium.firefox.FirefoxDriver.<init>(FirefoxDriver.java:95)
at example.NewTest.beforeTest(NewTest.java:21)
Caused by: org.openqa.selenium.firefox.NotConnectedException: Unable to connect to host 127.0.0.1 on port 7055 after 45000 ms. Firefox console output:
6addons.xpiDEBUGCalling bootstrap method startup on firefox@getpocket.com version 1.0
1661090925604addons.xpi-utilsDEBUGStarting async load of XPI database C:\Users\DHEALT~1\AppData\Local\Temp\anonymous889190335695986634webdriver-profile\extensions.json
1661090925604addons.xpiDEBUGRegistering manifest for C:\Program Files\Mozilla Firefox\browser\features\loop@mozilla.org.xpi
1661090925605addons.xpiDEBUGLoading bootstrap scope from C:\Program Files\Mozilla Firefox\browser\features\loop@mozilla.org.xpi
1661090925610addons.xpiDEBUGCalling bootstrap method startup on loop@mozilla.org version 1.2.6
1661090925627addons.managerDEBUGRegistering shutdown blocker for XPIProvider
1661090925627addons.managerDEBUGProvider finished startup: XPIProvider
1661090925627addons.managerDEBUGStarting provider: LightweightThemeManager
1661090925627addons.managerDEBUGRegistering shutdown blocker for LightweightThemeManager
1661090925627addons.managerDEBUGProvider finished startup: LightweightThemeManager
1661090925627addons.managerDEBUGStarting provider: GMPProvider
1661090925632addons.managerDEBUGRegistering shutdown blocker for GMPProvider
1661090925632addons.managerDEBUGProvider finished startup: GMPProvider
1661090925632addons.managerDEBUGStarting provider: PluginProvider
1661090925632addons.managerDEBUGRegistering shutdown blocker for PluginProvider
1661090925632addons.managerDEBUGProvider finished startup: PluginProvider
1661090925633addons.managerDEBUGCompleted startup sequence
[GFX1]: Potential driver version mismatch ignored due to missing DLLs
1661090925889addons.xpi-utilsDEBUGAsync JSON file read took 0 MS
1661090925889addons.xpi-utilsDEBUGFinished async read of XPI database, parsing...
1661090925890addons.xpi-utilsDEBUGSuccessfully read XPI database
1661090925899addons.managerDEBUGStarting provider: <unnamed-provider>
1661090925899addons.managerDEBUGRegistering shutdown blocker for <unnamed-provider>
1661090925899addons.managerDEBUGProvider finished startup: <unnamed-provider>
*** Blocklist::_loadBlocklistFromFile: blocklist is disabled
1661090925982addons.managerDEBUGStarting provider: PreviousExperimentProvider
1661090925982addons.managerDEBUGRegistering shutdown blocker for PreviousExperimentProvider
1661090925982addons.managerDEBUGProvider finished startup: PreviousExperimentProvider
JavaScript error: https://static-media-prod-cdn.itsre-sumo.mozilla.net/static/jsi18n/en-us/djangojs-min.js, line 1: SyntaxError: missing = in const declaration
JavaScript warning: https://static-media-prod-cdn.itsre-sumo.mozilla.net/static/474.767bb9829e871c1f.js, line 2: mutating the [[Prototype]] of an object will cause your code to run very slowly; instead create the object with the correct initial [[Prototype]] value using Object.create
JavaScript error: https://static-media-prod-cdn.itsre-sumo.mozilla.net/static/common.0a3beb1cf5e4d965.js, line 1: TypeError: t.forEach is not a function
JavaScript error: https://static-media-prod-cdn.itsre-sumo.mozilla.net/static/common.0a3beb1cf5e4d965.js, line 1: TypeError: o.forEach is not a function
JavaScript error: https://static-media-prod-cdn.itsre-sumo.mozilla.net/static/common.0a3beb1cf5e4d965.js, line 1: TypeError: n.forEach is not a function
JavaScript error: https://static-media-prod-cdn.itsre-sumo.mozilla.net/static/common.0a3beb1cf5e4d965.js, line 1: TypeError: e.forEach is not a function
JavaScript error: https://static-media-prod-cdn.itsre-sumo.mozilla.net/static/common.0a3beb1cf5e4d965.js, line 1: TypeError: document.querySelectorAll(...).forEach is not a function
JavaScript warning: https://www.youtube.com/s/player/009f1d77/www-embed-player.vflset/www-embed-player.js, line 29: mutating the [[Prototype]] of an object will cause your code to run very slowly; instead create the object with the correct initial [[Prototype]] value using Object.create
JavaScript error: https://static-media-prod-cdn.itsre-sumo.mozilla.net/static/697.8c0417e8bbc4b10c.js, line 1: TypeError: i is undefined

at org.openqa.selenium.firefox.internal.NewProfileExtensionConnection.start(NewProfileExtensionConnection.java:118)
... 31 more
... Removed 24 stack frames]]>
    </failure>
  </testcase> <!-- @BeforeTest beforeTest -->
  <testcase classname="example.NewTest" name="@AfterTest afterTest" time="-1.661090970721E9">
    <skipped/>
  </testcase> <!-- @AfterTest afterTest -->
  <testcase classname="example.NewTest" name="testEasy" time="0.0">
    <skipped/>
  </testcase> <!-- testEasy -->
</testsuite> <!-- Test -->
