<?xml version="1.0" encoding="UTF-8"?>
<!-- Generated by org.testng.reporters.JUnitXMLReporter -->
<testsuite hostname="DESKTOP-623D8HK" failures="0" tests="1" name="Test" time="48.146" errors="0" timestamp="21 Aug 2022 13:11:18 GMT">
  <testcase classname="example.NewTest" name="@BeforeTest beforeTest" time="0.0">
    <failure type="org.openqa.selenium.WebDriverException" message="Failed to connect to binary FirefoxBinary(C:\Program Files\Mozilla Firefox\firefox.exe) on port 7055; process output follows: 
@resource://gre/modules/TelemetryControllerParent.jsm:629:24
submitExternalPing@resource://gre/modules/TelemetryControllerParent.jsm:183:17
saveShutdownPings@resource://gre/modules/TelemetrySession.jsm:1012:36
shutdownChromeProcess/cleanup/&amp;lt;@resource://gre/modules/TelemetrySession.jsm:1230:20
cleanup@resource://gre/modules/TelemetrySession.jsm:1237:9
shutdownChromeProcess@resource://gre/modules/TelemetrySession.jsm:1254:14
shutdown@resource://gre/modules/TelemetrySession.jsm:252:17
_cleanupOnShutdown@resource://gre/modules/TelemetryControllerParent.jsm:974:35
observe@resource://gre/modules/AsyncShutdown.jsm:577:16

WARNING: A blocker encountered an error while we were waiting.
          Blocker:  TelemetryController: shutting down
          Phase: profile-before-change-telemetry
          State: Error getting state: Error: Phase &amp;quot;profile-before-change&amp;quot; is finished, it is too late to register completion condition &amp;quot;OS.File: flush I/O queued before profileBeforeChange&amp;quot; at addBlocker@resource://gre/modules/AsyncShutdown.jsm:720:15
addBlocker@resource://gre/modules/AsyncShutdown.jsm:528:26
addBlocker@resource://gre/modules/AsyncShutdown.jsm:467:15
setupShutdown@resource://gre/modules/osfile/osfile_async_front.jsm:1566:28
@resource://gre/modules/osfile/osfile_async_front.jsm:1586:16
@resource://gre/modules/osfile.jsm:12:30
@resource://gre/modules/TelemetryStorage.jsm:18:28
getShutdownState@resource://gre/modules/TelemetrySend.jsm:1682:7
getShutdownState@resource://gre/modules/TelemetrySend.jsm:368:30
_getState@resource://gre/modules/TelemetryControllerParent.jsm:1078:38
setupTelemetry/&amp;lt;@resource://gre/modules/TelemetryControllerParent.jsm:918:18
safeGetState@resource://gre/modules/AsyncShutdown.jsm:259:17
Barrier/addBlocker/promise&amp;lt;@resource://gre/modules/AsyncShutdown.jsm:768:20
observe@resource://gre/modules/AsyncShutdown.jsm:577:16

WARNING: Error: Phase &amp;quot;profile-before-change&amp;quot; is finished, it is too late to register completion condition &amp;quot;OS.File: flush I/O queued before profileBeforeChange&amp;quot;
WARNING: addBlocker@resource://gre/modules/AsyncShutdown.jsm:720:15
addBlocker@resource://gre/modules/AsyncShutdown.jsm:528:26
addBlocker@resource://gre/modules/AsyncShutdown.jsm:467:15
setupShutdown@resource://gre/modules/osfile/osfile_async_front.jsm:1566:28
@resource://gre/modules/osfile/osfile_async_front.jsm:1586:16
@resource://gre/modules/osfile.jsm:12:30
@resource://gre/modules/TelemetryStorage.jsm:18:28
removeAbortedSessionPing@resource://gre/modules/TelemetryControllerParent.jsm:722:5
removeAbortedSessionPing@resource://gre/modules/TelemetryControllerParent.jsm:250:17
shutdownChromeProcess/cleanup/&amp;lt;@resource://gre/modules/TelemetrySession.jsm:1233:42
observe@resource://gre/modules/AsyncShutdown.jsm:577:16

JavaScript error: resource://gre/modules/AsyncShutdown.jsm, line 720: Error: Phase &amp;quot;profile-before-change&amp;quot; is finished, it is too late to register completion condition &amp;quot;OS.File: flush I/O queued before profileBeforeChange&amp;quot;
JavaScript error: resource://gre/modules/AsyncShutdown.jsm, line 720: Error: Phase &amp;quot;profile-before-change&amp;quot; is finished, it is too late to register completion condition &amp;quot;OS.File: flush I/O queued before profileBeforeChange&amp;quot;
JavaScript error: resource://gre/modules/AsyncShutdown.jsm, line 720: Error: Phase &amp;quot;profile-before-change&amp;quot; is finished, it is too late to register completion condition &amp;quot;OS.File: flush I/O queued before profileBeforeChange&amp;quot;
JavaScript error: resource://gre/modules/AsyncShutdown.jsm, line 720: Error: Phase &amp;quot;profile-before-change&amp;quot; is finished, it is too late to register completion condition &amp;quot;OS.File: flush I/O queued before profileBeforeChange&amp;quot;
JavaScript error: resource://gre/modules/AsyncShutdown.jsm, line 720: Error: Phase &amp;quot;profile-before-change&amp;quot; is finished, it is too late to register completion condition &amp;quot;OS.File: flush I/O queued before profileBeforeChange&amp;quot;
[Parent 4576, IPC I/O Parent] WARNING: DuplicateHandle failed for handle 0 in TransferHandles: file /builds/worker/checkouts/gecko/ipc/chromium/src/chrome/common/ipc_channel_win.cc:723

Build info: version: &amp;apos;2.45.0&amp;apos;, revision: &amp;apos;5017cb8e7ca8e37638dc3091b2440b90a1d8686f&amp;apos;, time: &amp;apos;2015-02-27 09:10:26&amp;apos;
System info: host: &amp;apos;DESKTOP-623D8HK&amp;apos;, ip: &amp;apos;10.128.34.69&amp;apos;, os.name: &amp;apos;Windows 10&amp;apos;, os.arch: &amp;apos;amd64&amp;apos;, os.version: &amp;apos;10.0&amp;apos;, java.version: &amp;apos;17.0.4.1&amp;apos;
Driver info: driver.version: FirefoxDriver">
      <![CDATA[org.openqa.selenium.WebDriverException: Failed to connect to binary FirefoxBinary(C:\Program Files\Mozilla Firefox\firefox.exe) on port 7055; process output follows: 
@resource://gre/modules/TelemetryControllerParent.jsm:629:24
submitExternalPing@resource://gre/modules/TelemetryControllerParent.jsm:183:17
saveShutdownPings@resource://gre/modules/TelemetrySession.jsm:1012:36
shutdownChromeProcess/cleanup/<@resource://gre/modules/TelemetrySession.jsm:1230:20
cleanup@resource://gre/modules/TelemetrySession.jsm:1237:9
shutdownChromeProcess@resource://gre/modules/TelemetrySession.jsm:1254:14
shutdown@resource://gre/modules/TelemetrySession.jsm:252:17
_cleanupOnShutdown@resource://gre/modules/TelemetryControllerParent.jsm:974:35
observe@resource://gre/modules/AsyncShutdown.jsm:577:16

WARNING: A blocker encountered an error while we were waiting.
          Blocker:  TelemetryController: shutting down
          Phase: profile-before-change-telemetry
          State: Error getting state: Error: Phase "profile-before-change" is finished, it is too late to register completion condition "OS.File: flush I/O queued before profileBeforeChange" at addBlocker@resource://gre/modules/AsyncShutdown.jsm:720:15
addBlocker@resource://gre/modules/AsyncShutdown.jsm:528:26
addBlocker@resource://gre/modules/AsyncShutdown.jsm:467:15
setupShutdown@resource://gre/modules/osfile/osfile_async_front.jsm:1566:28
@resource://gre/modules/osfile/osfile_async_front.jsm:1586:16
@resource://gre/modules/osfile.jsm:12:30
@resource://gre/modules/TelemetryStorage.jsm:18:28
getShutdownState@resource://gre/modules/TelemetrySend.jsm:1682:7
getShutdownState@resource://gre/modules/TelemetrySend.jsm:368:30
_getState@resource://gre/modules/TelemetryControllerParent.jsm:1078:38
setupTelemetry/<@resource://gre/modules/TelemetryControllerParent.jsm:918:18
safeGetState@resource://gre/modules/AsyncShutdown.jsm:259:17
Barrier/addBlocker/promise<@resource://gre/modules/AsyncShutdown.jsm:768:20
observe@resource://gre/modules/AsyncShutdown.jsm:577:16

WARNING: Error: Phase "profile-before-change" is finished, it is too late to register completion condition "OS.File: flush I/O queued before profileBeforeChange"
WARNING: addBlocker@resource://gre/modules/AsyncShutdown.jsm:720:15
addBlocker@resource://gre/modules/AsyncShutdown.jsm:528:26
addBlocker@resource://gre/modules/AsyncShutdown.jsm:467:15
setupShutdown@resource://gre/modules/osfile/osfile_async_front.jsm:1566:28
@resource://gre/modules/osfile/osfile_async_front.jsm:1586:16
@resource://gre/modules/osfile.jsm:12:30
@resource://gre/modules/TelemetryStorage.jsm:18:28
removeAbortedSessionPing@resource://gre/modules/TelemetryControllerParent.jsm:722:5
removeAbortedSessionPing@resource://gre/modules/TelemetryControllerParent.jsm:250:17
shutdownChromeProcess/cleanup/<@resource://gre/modules/TelemetrySession.jsm:1233:42
observe@resource://gre/modules/AsyncShutdown.jsm:577:16

JavaScript error: resource://gre/modules/AsyncShutdown.jsm, line 720: Error: Phase "profile-before-change" is finished, it is too late to register completion condition "OS.File: flush I/O queued before profileBeforeChange"
JavaScript error: resource://gre/modules/AsyncShutdown.jsm, line 720: Error: Phase "profile-before-change" is finished, it is too late to register completion condition "OS.File: flush I/O queued before profileBeforeChange"
JavaScript error: resource://gre/modules/AsyncShutdown.jsm, line 720: Error: Phase "profile-before-change" is finished, it is too late to register completion condition "OS.File: flush I/O queued before profileBeforeChange"
JavaScript error: resource://gre/modules/AsyncShutdown.jsm, line 720: Error: Phase "profile-before-change" is finished, it is too late to register completion condition "OS.File: flush I/O queued before profileBeforeChange"
JavaScript error: resource://gre/modules/AsyncShutdown.jsm, line 720: Error: Phase "profile-before-change" is finished, it is too late to register completion condition "OS.File: flush I/O queued before profileBeforeChange"
[Parent 4576, IPC I/O Parent] WARNING: DuplicateHandle failed for handle 0 in TransferHandles: file /builds/worker/checkouts/gecko/ipc/chromium/src/chrome/common/ipc_channel_win.cc:723

Build info: version: '2.45.0', revision: '5017cb8e7ca8e37638dc3091b2440b90a1d8686f', time: '2015-02-27 09:10:26'
System info: host: 'DESKTOP-623D8HK', ip: '10.128.34.69', os.name: 'Windows 10', os.arch: 'amd64', os.version: '10.0', java.version: '17.0.4.1'
Driver info: driver.version: FirefoxDriver
	at org.openqa.selenium.firefox.internal.NewProfileExtensionConnection.start(NewProfileExtensionConnection.java:130)
	at org.openqa.selenium.firefox.FirefoxDriver.startClient(FirefoxDriver.java:246)
	at org.openqa.selenium.remote.RemoteWebDriver.<init>(RemoteWebDriver.java:114)
	at org.openqa.selenium.firefox.FirefoxDriver.<init>(FirefoxDriver.java:191)
	at org.openqa.selenium.firefox.FirefoxDriver.<init>(FirefoxDriver.java:186)
	at org.openqa.selenium.firefox.FirefoxDriver.<init>(FirefoxDriver.java:182)
	at org.openqa.selenium.firefox.FirefoxDriver.<init>(FirefoxDriver.java:95)
	at example.NewTest.beforeTest(NewTest.java:20)
Caused by: org.openqa.selenium.firefox.NotConnectedException: Unable to connect to host 127.0.0.1 on port 7055 after 45000 ms. Firefox console output:
@resource://gre/modules/TelemetryControllerParent.jsm:629:24
submitExternalPing@resource://gre/modules/TelemetryControllerParent.jsm:183:17
saveShutdownPings@resource://gre/modules/TelemetrySession.jsm:1012:36
shutdownChromeProcess/cleanup/<@resource://gre/modules/TelemetrySession.jsm:1230:20
cleanup@resource://gre/modules/TelemetrySession.jsm:1237:9
shutdownChromeProcess@resource://gre/modules/TelemetrySession.jsm:1254:14
shutdown@resource://gre/modules/TelemetrySession.jsm:252:17
_cleanupOnShutdown@resource://gre/modules/TelemetryControllerParent.jsm:974:35
observe@resource://gre/modules/AsyncShutdown.jsm:577:16

WARNING: A blocker encountered an error while we were waiting.
          Blocker:  TelemetryController: shutting down
          Phase: profile-before-change-telemetry
          State: Error getting state: Error: Phase "profile-before-change" is finished, it is too late to register completion condition "OS.File: flush I/O queued before profileBeforeChange" at addBlocker@resource://gre/modules/AsyncShutdown.jsm:720:15
addBlocker@resource://gre/modules/AsyncShutdown.jsm:528:26
addBlocker@resource://gre/modules/AsyncShutdown.jsm:467:15
setupShutdown@resource://gre/modules/osfile/osfile_async_front.jsm:1566:28
@resource://gre/modules/osfile/osfile_async_front.jsm:1586:16
@resource://gre/modules/osfile.jsm:12:30
@resource://gre/modules/TelemetryStorage.jsm:18:28
getShutdownState@resource://gre/modules/TelemetrySend.jsm:1682:7
getShutdownState@resource://gre/modules/TelemetrySend.jsm:368:30
_getState@resource://gre/modules/TelemetryControllerParent.jsm:1078:38
setupTelemetry/<@resource://gre/modules/TelemetryControllerParent.jsm:918:18
safeGetState@resource://gre/modules/AsyncShutdown.jsm:259:17
Barrier/addBlocker/promise<@resource://gre/modules/AsyncShutdown.jsm:768:20
observe@resource://gre/modules/AsyncShutdown.jsm:577:16

WARNING: Error: Phase "profile-before-change" is finished, it is too late to register completion condition "OS.File: flush I/O queued before profileBeforeChange"
WARNING: addBlocker@resource://gre/modules/AsyncShutdown.jsm:720:15
addBlocker@resource://gre/modules/AsyncShutdown.jsm:528:26
addBlocker@resource://gre/modules/AsyncShutdown.jsm:467:15
setupShutdown@resource://gre/modules/osfile/osfile_async_front.jsm:1566:28
@resource://gre/modules/osfile/osfile_async_front.jsm:1586:16
@resource://gre/modules/osfile.jsm:12:30
@resource://gre/modules/TelemetryStorage.jsm:18:28
removeAbortedSessionPing@resource://gre/modules/TelemetryControllerParent.jsm:722:5
removeAbortedSessionPing@resource://gre/modules/TelemetryControllerParent.jsm:250:17
shutdownChromeProcess/cleanup/<@resource://gre/modules/TelemetrySession.jsm:1233:42
observe@resource://gre/modules/AsyncShutdown.jsm:577:16

JavaScript error: resource://gre/modules/AsyncShutdown.jsm, line 720: Error: Phase "profile-before-change" is finished, it is too late to register completion condition "OS.File: flush I/O queued before profileBeforeChange"
JavaScript error: resource://gre/modules/AsyncShutdown.jsm, line 720: Error: Phase "profile-before-change" is finished, it is too late to register completion condition "OS.File: flush I/O queued before profileBeforeChange"
JavaScript error: resource://gre/modules/AsyncShutdown.jsm, line 720: Error: Phase "profile-before-change" is finished, it is too late to register completion condition "OS.File: flush I/O queued before profileBeforeChange"
JavaScript error: resource://gre/modules/AsyncShutdown.jsm, line 720: Error: Phase "profile-before-change" is finished, it is too late to register completion condition "OS.File: flush I/O queued before profileBeforeChange"
JavaScript error: resource://gre/modules/AsyncShutdown.jsm, line 720: Error: Phase "profile-before-change" is finished, it is too late to register completion condition "OS.File: flush I/O queued before profileBeforeChange"
[Parent 4576, IPC I/O Parent] WARNING: DuplicateHandle failed for handle 0 in TransferHandles: file /builds/worker/checkouts/gecko/ipc/chromium/src/chrome/common/ipc_channel_win.cc:723

	at org.openqa.selenium.firefox.internal.NewProfileExtensionConnection.start(NewProfileExtensionConnection.java:118)
	... 32 more
... Removed 25 stack frames]]>
    </failure>
  </testcase> <!-- @BeforeTest beforeTest -->
  <testcase classname="example.NewTest" name="@AfterTest afterTest" time="0.0">
    <skipped/>
  </testcase> <!-- @AfterTest afterTest -->
  <testcase classname="example.NewTest" name="testEasy" time="0.002">
    <skipped/>
  </testcase> <!-- testEasy -->
</testsuite> <!-- Test -->
