<?xml version="1.0" encoding="UTF-8"?>
<testsuite xmlns:xsi="http://www.w3.org/2001/XMLSchema-instance" xsi:schemaLocation="https://maven.apache.org/surefire/maven-surefire-plugin/xsd/surefire-test-report.xsd" name="TestSuite" time="50.817" tests="3" errors="0" skipped="2" failures="1">
  <properties>
[...]
</properties>
  <testcase name="beforeTest" classname="example.NewTest" time="50.582">
    <failure message="Failed to connect to binary FirefoxBinary(C:\Program Files\Mozilla Firefox\firefox.exe) on port 7055; process output follows: &#10;@resource://gre/modules/TelemetryControllerParent.jsm:629:24&#10;submitExternalPing@resource://gre/modules/TelemetryControllerParent.jsm:183:17&#10;saveShutdownPings@resource://gre/modules/TelemetrySession.jsm:1012:36&#10;shutdownChromeProcess/cleanup/&lt;@resource://gre/modules/TelemetrySession.jsm:1230:20&#10;cleanup@resource://gre/modules/TelemetrySession.jsm:1237:9&#10;shutdownChromeProcess@resource://gre/modules/TelemetrySession.jsm:1254:14&#10;shutdown@resource://gre/modules/TelemetrySession.jsm:252:17&#10;_cleanupOnShutdown@resource://gre/modules/TelemetryControllerParent.jsm:974:35&#10;observe@resource://gre/modules/AsyncShutdown.jsm:577:16&#10;&#10;WARNING: A blocker encountered an error while we were waiting.&#10;          Blocker:  TelemetryController: shutting down&#10;          Phase: profile-before-change-telemetry&#10;          State: Error getting state: Error: Phase &quot;profile-before-change&quot; is finished, it is too late to register completion condition &quot;OS.File: flush I/O queued before profileBeforeChange&quot; at addBlocker@resource://gre/modules/AsyncShutdown.jsm:720:15&#10;addBlocker@resource://gre/modules/AsyncShutdown.jsm:528:26&#10;addBlocker@resource://gre/modules/AsyncShutdown.jsm:467:15&#10;setupShutdown@resource://gre/modules/osfile/osfile_async_front.jsm:1566:28&#10;@resource://gre/modules/osfile/osfile_async_front.jsm:1586:16&#10;@resource://gre/modules/osfile.jsm:12:30&#10;@resource://gre/modules/TelemetryStorage.jsm:18:28&#10;getShutdownState@resource://gre/modules/TelemetrySend.jsm:1682:7&#10;getShutdownState@resource://gre/modules/TelemetrySend.jsm:368:30&#10;_getState@resource://gre/modules/TelemetryControllerParent.jsm:1078:38&#10;setupTelemetry/&lt;@resource://gre/modules/TelemetryControllerParent.jsm:918:18&#10;safeGetState@resource://gre/modules/AsyncShutdown.jsm:259:17&#10;Barrier/addBlocker/promise&lt;@resource://gre/modules/AsyncShutdown.jsm:768:20&#10;observe@resource://gre/modules/AsyncShutdown.jsm:577:16&#10;&#10;WARNING: Error: Phase &quot;profile-before-change&quot; is finished, it is too late to register completion condition &quot;OS.File: flush I/O queued before profileBeforeChange&quot;&#10;WARNING: addBlocker@resource://gre/modules/AsyncShutdown.jsm:720:15&#10;addBlocker@resource://gre/modules/AsyncShutdown.jsm:528:26&#10;addBlocker@resource://gre/modules/AsyncShutdown.jsm:467:15&#10;setupShutdown@resource://gre/modules/osfile/osfile_async_front.jsm:1566:28&#10;@resource://gre/modules/osfile/osfile_async_front.jsm:1586:16&#10;@resource://gre/modules/osfile.jsm:12:30&#10;@resource://gre/modules/TelemetryStorage.jsm:18:28&#10;removeAbortedSessionPing@resource://gre/modules/TelemetryControllerParent.jsm:722:5&#10;removeAbortedSessionPing@resource://gre/modules/TelemetryControllerParent.jsm:250:17&#10;shutdownChromeProcess/cleanup/&lt;@resource://gre/modules/TelemetrySession.jsm:1233:42&#10;observe@resource://gre/modules/AsyncShutdown.jsm:577:16&#10;&#10;JavaScript error: resource://gre/modules/AsyncShutdown.jsm, line 720: Error: Phase &quot;profile-before-change&quot; is finished, it is too late to register completion condition &quot;OS.File: flush I/O queued before profileBeforeChange&quot;&#10;JavaScript error: resource://gre/modules/AsyncShutdown.jsm, line 720: Error: Phase &quot;profile-before-change&quot; is finished, it is too late to register completion condition &quot;OS.File: flush I/O queued before profileBeforeChange&quot;&#10;JavaScript error: resource://gre/modules/AsyncShutdown.jsm, line 720: Error: Phase &quot;profile-before-change&quot; is finished, it is too late to register completion condition &quot;OS.File: flush I/O queued before profileBeforeChange&quot;&#10;JavaScript error: resource://gre/modules/AsyncShutdown.jsm, line 720: Error: Phase &quot;profile-before-change&quot; is finished, it is too late to register completion condition &quot;OS.File: flush I/O queued before profileBeforeChange&quot;&#10;JavaScript error: resource://gre/modules/AsyncShutdown.jsm, line 720: Error: Phase &quot;profile-before-change&quot; is finished, it is too late to register completion condition &quot;OS.File: flush I/O queued before profileBeforeChange&quot;&#10;[Parent 4576, IPC I/O Parent] WARNING: DuplicateHandle failed for handle 0 in TransferHandles: file /builds/worker/checkouts/gecko/ipc/chromium/src/chrome/common/ipc_channel_win.cc:723&#10;&#10;Build info: version: &apos;2.45.0&apos;, revision: &apos;5017cb8e7ca8e37638dc3091b2440b90a1d8686f&apos;, time: &apos;2015-02-27 09:10:26&apos;&#10;System info: host: &apos;DESKTOP-623D8HK&apos;, ip: &apos;10.128.34.69&apos;, os.name: &apos;Windows 10&apos;, os.arch: &apos;amd64&apos;, os.version: &apos;10.0&apos;, java.version: &apos;17.0.4.1&apos;&#10;Driver info: driver.version: FirefoxDriver" type="org.openqa.selenium.WebDriverException"><![CDATA[org.openqa.selenium.WebDriverException: 
Failed to connect to binary FirefoxBinary(C:\Program Files\Mozilla Firefox\firefox.exe) on port 7055; process output follows: 
@resource://gre/modules/TelemetryControllerParent.jsm:629:24
submitExternalPing@resource://gre/modules/TelemetryControllerParent.jsm:183:17
saveShutdownPings@resource://gre/modules/TelemetrySession.jsm:1012:36
shutdownChromeProcess/cleanup/<@resource://gre/modules/TelemetrySession.jsm:1230:20
cleanup@resource://gre/modules/TelemetrySession.jsm:1237:9
shutdownChromeProcess@resource://gre/modules/TelemetrySession.jsm:1254:14
shutdown@resource://gre/modules/TelemetrySession.jsm:252:17
_cleanupOnShutdown@resource://gre/modules/TelemetryControllerParent.jsm:974:35
observe@resource://gre/modules/AsyncShutdown.jsm:577:16

WARNING: A blocker encountered an error while we were waiting.
          Blocker:  TelemetryController: shutting down
          Phase: profile-before-change-telemetry
          State: Error getting state: Error: Phase "profile-before-change" is finished, it is too late to register completion condition "OS.File: flush I/O queued before profileBeforeChange" at addBlocker@resource://gre/modules/AsyncShutdown.jsm:720:15
addBlocker@resource://gre/modules/AsyncShutdown.jsm:528:26
addBlocker@resource://gre/modules/AsyncShutdown.jsm:467:15
setupShutdown@resource://gre/modules/osfile/osfile_async_front.jsm:1566:28
@resource://gre/modules/osfile/osfile_async_front.jsm:1586:16
@resource://gre/modules/osfile.jsm:12:30
@resource://gre/modules/TelemetryStorage.jsm:18:28
getShutdownState@resource://gre/modules/TelemetrySend.jsm:1682:7
getShutdownState@resource://gre/modules/TelemetrySend.jsm:368:30
_getState@resource://gre/modules/TelemetryControllerParent.jsm:1078:38
setupTelemetry/<@resource://gre/modules/TelemetryControllerParent.jsm:918:18
safeGetState@resource://gre/modules/AsyncShutdown.jsm:259:17
Barrier/addBlocker/promise<@resource://gre/modules/AsyncShutdown.jsm:768:20
observe@resource://gre/modules/AsyncShutdown.jsm:577:16

WARNING: Error: Phase "profile-before-change" is finished, it is too late to register completion condition "OS.File: flush I/O queued before profileBeforeChange"
WARNING: addBlocker@resource://gre/modules/AsyncShutdown.jsm:720:15
addBlocker@resource://gre/modules/AsyncShutdown.jsm:528:26
addBlocker@resource://gre/modules/AsyncShutdown.jsm:467:15
setupShutdown@resource://gre/modules/osfile/osfile_async_front.jsm:1566:28
@resource://gre/modules/osfile/osfile_async_front.jsm:1586:16
@resource://gre/modules/osfile.jsm:12:30
@resource://gre/modules/TelemetryStorage.jsm:18:28
removeAbortedSessionPing@resource://gre/modules/TelemetryControllerParent.jsm:722:5
removeAbortedSessionPing@resource://gre/modules/TelemetryControllerParent.jsm:250:17
shutdownChromeProcess/cleanup/<@resource://gre/modules/TelemetrySession.jsm:1233:42
observe@resource://gre/modules/AsyncShutdown.jsm:577:16

JavaScript error: resource://gre/modules/AsyncShutdown.jsm, line 720: Error: Phase "profile-before-change" is finished, it is too late to register completion condition "OS.File: flush I/O queued before profileBeforeChange"
JavaScript error: resource://gre/modules/AsyncShutdown.jsm, line 720: Error: Phase "profile-before-change" is finished, it is too late to register completion condition "OS.File: flush I/O queued before profileBeforeChange"
JavaScript error: resource://gre/modules/AsyncShutdown.jsm, line 720: Error: Phase "profile-before-change" is finished, it is too late to register completion condition "OS.File: flush I/O queued before profileBeforeChange"
JavaScript error: resource://gre/modules/AsyncShutdown.jsm, line 720: Error: Phase "profile-before-change" is finished, it is too late to register completion condition "OS.File: flush I/O queued before profileBeforeChange"
JavaScript error: resource://gre/modules/AsyncShutdown.jsm, line 720: Error: Phase "profile-before-change" is finished, it is too late to register completion condition "OS.File: flush I/O queued before profileBeforeChange"
[Parent 4576, IPC I/O Parent] WARNING: DuplicateHandle failed for handle 0 in TransferHandles: file /builds/worker/checkouts/gecko/ipc/chromium/src/chrome/common/ipc_channel_win.cc:723

Build info: version: '2.45.0', revision: '5017cb8e7ca8e37638dc3091b2440b90a1d8686f', time: '2015-02-27 09:10:26'
System info: host: 'DESKTOP-623D8HK', ip: '10.128.34.69', os.name: 'Windows 10', os.arch: 'amd64', os.version: '10.0', java.version: '17.0.4.1'
Driver info: driver.version: FirefoxDriver
	at example.NewTest.beforeTest(NewTest.java:20)
Caused by: org.openqa.selenium.firefox.NotConnectedException: 
Unable to connect to host 127.0.0.1 on port 7055 after 45000 ms. Firefox console output:
@resource://gre/modules/TelemetryControllerParent.jsm:629:24
submitExternalPing@resource://gre/modules/TelemetryControllerParent.jsm:183:17
saveShutdownPings@resource://gre/modules/TelemetrySession.jsm:1012:36
shutdownChromeProcess/cleanup/<@resource://gre/modules/TelemetrySession.jsm:1230:20
cleanup@resource://gre/modules/TelemetrySession.jsm:1237:9
shutdownChromeProcess@resource://gre/modules/TelemetrySession.jsm:1254:14
shutdown@resource://gre/modules/TelemetrySession.jsm:252:17
_cleanupOnShutdown@resource://gre/modules/TelemetryControllerParent.jsm:974:35
observe@resource://gre/modules/AsyncShutdown.jsm:577:16

WARNING: A blocker encountered an error while we were waiting.
          Blocker:  TelemetryController: shutting down
          Phase: profile-before-change-telemetry
          State: Error getting state: Error: Phase "profile-before-change" is finished, it is too late to register completion condition "OS.File: flush I/O queued before profileBeforeChange" at addBlocker@resource://gre/modules/AsyncShutdown.jsm:720:15
addBlocker@resource://gre/modules/AsyncShutdown.jsm:528:26
addBlocker@resource://gre/modules/AsyncShutdown.jsm:467:15
setupShutdown@resource://gre/modules/osfile/osfile_async_front.jsm:1566:28
@resource://gre/modules/osfile/osfile_async_front.jsm:1586:16
@resource://gre/modules/osfile.jsm:12:30
@resource://gre/modules/TelemetryStorage.jsm:18:28
getShutdownState@resource://gre/modules/TelemetrySend.jsm:1682:7
getShutdownState@resource://gre/modules/TelemetrySend.jsm:368:30
_getState@resource://gre/modules/TelemetryControllerParent.jsm:1078:38
setupTelemetry/<@resource://gre/modules/TelemetryControllerParent.jsm:918:18
safeGetState@resource://gre/modules/AsyncShutdown.jsm:259:17
Barrier/addBlocker/promise<@resource://gre/modules/AsyncShutdown.jsm:768:20
observe@resource://gre/modules/AsyncShutdown.jsm:577:16

WARNING: Error: Phase "profile-before-change" is finished, it is too late to register completion condition "OS.File: flush I/O queued before profileBeforeChange"
WARNING: addBlocker@resource://gre/modules/AsyncShutdown.jsm:720:15
addBlocker@resource://gre/modules/AsyncShutdown.jsm:528:26
addBlocker@resource://gre/modules/AsyncShutdown.jsm:467:15
setupShutdown@resource://gre/modules/osfile/osfile_async_front.jsm:1566:28
@resource://gre/modules/osfile/osfile_async_front.jsm:1586:16
@resource://gre/modules/osfile.jsm:12:30
@resource://gre/modules/TelemetryStorage.jsm:18:28
removeAbortedSessionPing@resource://gre/modules/TelemetryControllerParent.jsm:722:5
removeAbortedSessionPing@resource://gre/modules/TelemetryControllerParent.jsm:250:17
shutdownChromeProcess/cleanup/<@resource://gre/modules/TelemetrySession.jsm:1233:42
observe@resource://gre/modules/AsyncShutdown.jsm:577:16

JavaScript error: resource://gre/modules/AsyncShutdown.jsm, line 720: Error: Phase "profile-before-change" is finished, it is too late to register completion condition "OS.File: flush I/O queued before profileBeforeChange"
JavaScript error: resource://gre/modules/AsyncShutdown.jsm, line 720: Error: Phase "profile-before-change" is finished, it is too late to register completion condition "OS.File: flush I/O queued before profileBeforeChange"
JavaScript error: resource://gre/modules/AsyncShutdown.jsm, line 720: Error: Phase "profile-before-change" is finished, it is too late to register completion condition "OS.File: flush I/O queued before profileBeforeChange"
JavaScript error: resource://gre/modules/AsyncShutdown.jsm, line 720: Error: Phase "profile-before-change" is finished, it is too late to register completion condition "OS.File: flush I/O queued before profileBeforeChange"
JavaScript error: resource://gre/modules/AsyncShutdown.jsm, line 720: Error: Phase "profile-before-change" is finished, it is too late to register completion condition "OS.File: flush I/O queued before profileBeforeChange"
[Parent 4576, IPC I/O Parent] WARNING: DuplicateHandle failed for handle 0 in TransferHandles: file /builds/worker/checkouts/gecko/ipc/chromium/src/chrome/common/ipc_channel_win.cc:723

	at example.NewTest.beforeTest(NewTest.java:20)
]]></failure>
    <system-err><![CDATA[org.openqa.selenium.firefox.NotConnectedException: Unable to connect to host 127.0.0.1 on port 7055 after 45000 ms. Firefox console output:
@resource://gre/modules/TelemetryControllerParent.jsm:629:24
submitExternalPing@resource://gre/modules/TelemetryControllerParent.jsm:183:17
saveShutdownPings@resource://gre/modules/TelemetrySession.jsm:1012:36
shutdownChromeProcess/cleanup/<@resource://gre/modules/TelemetrySession.jsm:1230:20
cleanup@resource://gre/modules/TelemetrySession.jsm:1237:9
shutdownChromeProcess@resource://gre/modules/TelemetrySession.jsm:1254:14
shutdown@resource://gre/modules/TelemetrySession.jsm:252:17
_cleanupOnShutdown@resource://gre/modules/TelemetryControllerParent.jsm:974:35
observe@resource://gre/modules/AsyncShutdown.jsm:577:16

WARNING: A blocker encountered an error while we were waiting.
          Blocker:  TelemetryController: shutting down
          Phase: profile-before-change-telemetry
          State: Error getting state: Error: Phase "profile-before-change" is finished, it is too late to register completion condition "OS.File: flush I/O queued before profileBeforeChange" at addBlocker@resource://gre/modules/AsyncShutdown.jsm:720:15
addBlocker@resource://gre/modules/AsyncShutdown.jsm:528:26
addBlocker@resource://gre/modules/AsyncShutdown.jsm:467:15
setupShutdown@resource://gre/modules/osfile/osfile_async_front.jsm:1566:28
@resource://gre/modules/osfile/osfile_async_front.jsm:1586:16
@resource://gre/modules/osfile.jsm:12:30
@resource://gre/modules/TelemetryStorage.jsm:18:28
getShutdownState@resource://gre/modules/TelemetrySend.jsm:1682:7
getShutdownState@resource://gre/modules/TelemetrySend.jsm:368:30
_getState@resource://gre/modules/TelemetryControllerParent.jsm:1078:38
setupTelemetry/<@resource://gre/modules/TelemetryControllerParent.jsm:918:18
safeGetState@resource://gre/modules/AsyncShutdown.jsm:259:17
Barrier/addBlocker/promise<@resource://gre/modules/AsyncShutdown.jsm:768:20
observe@resource://gre/modules/AsyncShutdown.jsm:577:16

WARNING: Error: Phase "profile-before-change" is finished, it is too late to register completion condition "OS.File: flush I/O queued before profileBeforeChange"
WARNING: addBlocker@resource://gre/modules/AsyncShutdown.jsm:720:15
addBlocker@resource://gre/modules/AsyncShutdown.jsm:528:26
addBlocker@resource://gre/modules/AsyncShutdown.jsm:467:15
setupShutdown@resource://gre/modules/osfile/osfile_async_front.jsm:1566:28
@resource://gre/modules/osfile/osfile_async_front.jsm:1586:16
@resource://gre/modules/osfile.jsm:12:30
@resource://gre/modules/TelemetryStorage.jsm:18:28
removeAbortedSessionPing@resource://gre/modules/TelemetryControllerParent.jsm:722:5
removeAbortedSessionPing@resource://gre/modules/TelemetryControllerParent.jsm:250:17
shutdownChromeProcess/cleanup/<@resource://gre/modules/TelemetrySession.jsm:1233:42
observe@resource://gre/modules/AsyncShutdown.jsm:577:16

JavaScript error: resource://gre/modules/AsyncShutdown.jsm, line 720: Error: Phase "profile-before-change" is finished, it is too late to register completion condition "OS.File: flush I/O queued before profileBeforeChange"
JavaScript error: resource://gre/modules/AsyncShutdown.jsm, line 720: Error: Phase "profile-before-change" is finished, it is too late to register completion condition "OS.File: flush I/O queued before profileBeforeChange"
JavaScript error: resource://gre/modules/AsyncShutdown.jsm, line 720: Error: Phase "profile-before-change" is finished, it is too late to register completion condition "OS.File: flush I/O queued before profileBeforeChange"
JavaScript error: resource://gre/modules/AsyncShutdown.jsm, line 720: Error: Phase "profile-before-change" is finished, it is too late to register completion condition "OS.File: flush I/O queued before profileBeforeChange"
JavaScript error: resource://gre/modules/AsyncShutdown.jsm, line 720: Error: Phase "profile-before-change" is finished, it is too late to register completion condition "OS.File: flush I/O queued before profileBeforeChange"
[Parent 4576, IPC I/O Parent] WARNING: DuplicateHandle failed for handle 0 in TransferHandles: file /builds/worker/checkouts/gecko/ipc/chromium/src/chrome/common/ipc_channel_win.cc:723

	at org.openqa.selenium.firefox.internal.NewProfileExtensionConnection.start(NewProfileExtensionConnection.java:118)
	at org.openqa.selenium.firefox.FirefoxDriver.startClient(FirefoxDriver.java:246)
	at org.openqa.selenium.remote.RemoteWebDriver.<init>(RemoteWebDriver.java:114)
	at org.openqa.selenium.firefox.FirefoxDriver.<init>(FirefoxDriver.java:191)
	at org.openqa.selenium.firefox.FirefoxDriver.<init>(FirefoxDriver.java:186)
	at org.openqa.selenium.firefox.FirefoxDriver.<init>(FirefoxDriver.java:182)
	at org.openqa.selenium.firefox.FirefoxDriver.<init>(FirefoxDriver.java:95)
	at example.NewTest.beforeTest(NewTest.java:20)
	at java.base/jdk.internal.reflect.NativeMethodAccessorImpl.invoke0(Native Method)
	at java.base/jdk.internal.reflect.NativeMethodAccessorImpl.invoke(NativeMethodAccessorImpl.java:77)
	at java.base/jdk.internal.reflect.DelegatingMethodAccessorImpl.invoke(DelegatingMethodAccessorImpl.java:43)
	at java.base/java.lang.reflect.Method.invoke(Method.java:568)
	at org.testng.internal.MethodInvocationHelper.invokeMethod(MethodInvocationHelper.java:84)
	at org.testng.internal.Invoker.invokeConfigurationMethod(Invoker.java:564)
	at org.testng.internal.Invoker.invokeConfigurations(Invoker.java:213)
	at org.testng.internal.Invoker.invokeConfigurations(Invoker.java:138)
	at org.testng.TestRunner.beforeRun(TestRunner.java:641)
	at org.testng.TestRunner.run(TestRunner.java:609)
	at org.testng.SuiteRunner.runTest(SuiteRunner.java:348)
	at org.testng.SuiteRunner.runSequentially(SuiteRunner.java:343)
	at org.testng.SuiteRunner.privateRun(SuiteRunner.java:305)
	at org.testng.SuiteRunner.run(SuiteRunner.java:254)
	at org.testng.SuiteRunnerWorker.runSuite(SuiteRunnerWorker.java:52)
	at org.testng.SuiteRunnerWorker.run(SuiteRunnerWorker.java:86)
	at org.testng.TestNG.runSuitesSequentially(TestNG.java:1224)
	at org.testng.TestNG.runSuitesLocally(TestNG.java:1149)
	at org.testng.TestNG.run(TestNG.java:1057)
	at org.apache.maven.surefire.testng.TestNGExecutor.run(TestNGExecutor.java:281)
	at org.apache.maven.surefire.testng.TestNGXmlTestSuite.execute(TestNGXmlTestSuite.java:75)
	at org.apache.maven.surefire.testng.TestNGProvider.invoke(TestNGProvider.java:121)
	at org.apache.maven.surefire.booter.ForkedBooter.invokeProviderInSameClassLoader(ForkedBooter.java:290)
	at org.apache.maven.surefire.booter.ForkedBooter.runSuitesInProcess(ForkedBooter.java:242)
	at org.apache.maven.surefire.booter.ForkedBooter.main(ForkedBooter.java:121)
]]></system-err>
  </testcase>
  <testcase name="testEasy" classname="example.NewTest" time="0">
    <skipped/>
  </testcase>
  <testcase name="afterTest" classname="example.NewTest" time="0">
    <skipped/>
  </testcase>
</testsuite>