<?xml version="1.0" encoding="UTF-8"?>
<testng-results ignored="0" total="1" passed="1" failed="0" skipped="0">
  <reporter-output>
  </reporter-output>
  <suite started-at="2022-08-21T22:58:59 WIB" name="Default suite" finished-at="2022-08-21T22:59:09 WIB" duration-ms="10159">
    <groups>
    </groups>
    <test started-at="2022-08-21T22:58:59 WIB" name="Default test" finished-at="2022-08-21T22:59:09 WIB" duration-ms="10159">
      <class name="example.NewTest">
        <test-method is-config="true" signature="beforeTest()[pri:0, instance:example.NewTest@6150c3ec]" started-at="2022-08-21T22:58:59 WIB" name="beforeTest" finished-at="2022-08-21T22:59:03 WIB" duration-ms="3732" status="PASS">
          <reporter-output>
          </reporter-output>
        </test-method> <!-- beforeTest -->
        <test-method signature="testEasy()[pri:0, instance:example.NewTest@6150c3ec]" started-at="2022-08-21T22:59:03 WIB" name="testEasy" finished-at="2022-08-21T22:59:09 WIB" duration-ms="5953" status="PASS">
          <reporter-output>
          </reporter-output>
        </test-method> <!-- testEasy -->
        <test-method is-config="true" signature="afterTest()[pri:0, instance:example.NewTest@6150c3ec]" started-at="2022-08-21T22:59:09 WIB" name="afterTest" finished-at="2022-08-21T22:59:09 WIB" duration-ms="421" status="PASS">
          <reporter-output>
          </reporter-output>
        </test-method> <!-- afterTest -->
      </class> <!-- example.NewTest -->
    </test> <!-- Default test -->
  </suite> <!-- Default suite -->
</testng-results>
